[    .000000] Initializing cgroup subsys cpuset
[    0.000000] Initializing cgroup subsys cpu
[    0.000000] Initializing cgroup subsys cpuacct
[    0.000000] Linux version 4.4.0-138-generic (buildd@lcy01-amd64-006) (gcc version 5.4.0 20160609 (Ubuntu 5.4.0-6ubuntu1~16.04.10) ) #164-Ubuntu SMP Tue Oct 2 17:16:02 UTC 2018 (Ubuntu 4.4.0-138.164-generic .4.155)
[    0.000000] Command line: BOOT_IMAGE=/boot/vmlinuz-4.4.0-138-generic root=LABEL=cloudimg-rootfs ro console=tty1 console=ttyS0
[    0.000000] KERNEL supported cpus:
[    0.000000]   Intel GenuineIntel
[    0.000000]   AMD AuthenticAMD
[    0.000000]   Centaur CentaurHauls
[    0.000000] x86/fpu: Legacy x87 FPU detected.
[    0.000000] e820: BIOS-provided physical RAM map:
[    0.000000] BIOS-e820: [mem 0x0000000000000000-0x000000000009fbff] usable
[    0.000000] BIOS-e820: [mem 0x000000000009fc00-0x000000000009ffff] reserved
[    0.000000] BIOS-e820: [mem 0x00000000000f0000-0x00000000000fffff] reserved
[    0.000000] BIOS-e820: [mem 0x0000000000100000-0x000000003ffeffff] usable
[    0.000000] BIOS-e820: [mem 0x000000003fff0000-0x000000003fffffff] ACPI data
[    0.000000] BIOS-e820: [mem 0x00000000fec00000-0x00000000fec00fff] reserved
[    0.000000] BIOS-e820: [mem 0x00000000fee00000-0x00000000fee00fff] reserved
[    0.000000] BIOS-e820: [mem 0x00000000fffc0000-0x00000000ffffffff] reserved
[    0.000000] NX (Execute Disable) protection: active
[    0.000000] SMBIOS 2.5 present.
[    0.000000] Hypervisor detected: KVM
[    0.000000] e820: last_pfn = 0x3fff0 max_arch_pfn = 0x400000000
[    0.000000] MTRR: Disabled
[    0.000000] x86/PAT: MTRRs disabled, skipping PAT initialization too.
[    0.000000] CPU MTRRs all blank - virtualized system.
[    0.000000] x86/PAT: Configuration [0-7]: WB  WT  UC- UC  WB  WT  UC- UC  
[    0.000000] found SMP MP-table at [mem 0x0009fff0-0x0009ffff] mapped at [ffff88000009fff0]
[    0.000000] Scanning 1 areas for low memory corruption
[    0.000000] RAMDISK: [mem 0x3630a000-0x3717cfff]
[    0.000000] ACPI: Early table checksum verification disabled
[    0.000000] ACPI: RSDP 0x00000000000E0000 000024 (v02 VBOX  )
[    0.000000] ACPI: XSDT 0x000000003FFF0030 00003C (v01 VBOX   VBOXXSDT 00000001 ASL  00000061)
[    0.000000] ACPI: FACP 0x000000003FFF00F0 0000F4 (v04 VBOX   VBOXFACP 00000001 ASL  00000061)
[    0.000000] ACPI: DSDT 0x000000003FFF0470 0021C8 (v02 VBOX   VBOXBIOS 00000002 INTL 20100528)
[    0.000000] ACPI: FACS 0x000000003FFF0200 000040
[    0.000000] ACPI: FACS 0x000000003FFF0200 000040
[    0.000000] ACPI: APIC 0x000000003FFF0240 00005C (v02 VBOX   VBOXAPIC 00000001 ASL  00000061)
[    0.000000] ACPI: SSDT 0x000000003FFF02A0 0001CC (v01 VBOX   VBOXCPUT 00000002 INTL 20100528)
[    0.000000] No NUMA configuration found
[    0.000000] Faking a node at [mem 0x0000000000000000-0x000000003ffeffff]
[    0.000000] NODE_DATA(0) allocated [mem 0x3ffeb000-0x3ffeffff]
[    0.000000] kvm-clock: Using msrs 4b564d01 and 4b564d00
[    0.000000] kvm-clock: cpu 0, msr 0:3ffe3001, primary cpu clock
[    0.000000] kvm-clock: using sched offset of 8600568343 cycles
[    0.000000] clocksource: kvm-clock: mask: 0xffffffffffffffff max_cycles: 0x1cd42e4dffb, max_idle_ns: 881590591483 ns
[    0.000000] Zone ranges:
[    0.000000]   DMA      [mem 0x0000000000001000-0x0000000000ffffff]
[    0.000000]   DMA32    [mem 0x0000000001000000-0x000000003ffeffff]
[    0.000000]   Normal   empty
[    0.000000]   Device   empty
[    0.000000] Movable zone start for each node
[    0.000000] Early memory node ranges
[    0.000000]   node   0: [mem 0x0000000000001000-0x000000000009efff]
[    0.000000]   node   0: [mem 0x0000000000100000-0x000000003ffeffff]
[    0.000000] Initmem setup node 0 [mem 0x0000000000001000-0x000000003ffeffff]
[    0.000000] ACPI: PM-Timer IO Port: 0x4008
[    0.000000] IOAPIC[0]: apic_id 2, version 32, address 0xfec00000, GSI 0-23
[    0.000000] ACPI: INT_SRC_OVR (bus 0 bus_irq 0 global_irq 2 dfl dfl)
[    0.000000] ACPI: INT_SRC_OVR (bus 0 bus_irq 9 global_irq 9 high level)
[    0.000000] Using ACPI (MADT) for SMP configuration information
[    0.000000] smpboot: Allowing 2 CPUs, 0 hotplug CPUs
[    0.000000] PM: Registered nosave memory: [mem 0x00000000-0x00000fff]
[    0.000000] PM: Registered nosave memory: [mem 0x0009f000-0x0009ffff]
[    0.000000] PM: Registered nosave memory: [mem 0x000a0000-0x000effff]
[    0.000000] PM: Registered nosave memory: [mem 0x000f0000-0x000fffff]
[    0.000000] e820: [mem 0x40000000-0xfebfffff] available for PCI devices
[    0.000000] Booting paravirtualized kernel on KVM
[    0.000000] clocksource: refined-jiffies: mask: 0xffffffff max_cycles: 0xffffffff, max_idle_ns: 7645519600211568 ns
[    0.000000] setup_percpu: NR_CPUS:512 nr_cpumask_bits:512 nr_cpu_ids:2 nr_node_ids:1
[    0.000000] PERCPU: Embedded 34 pages/cpu @ffff88003fc00000 s99608 r8192 d31464 u1048576
[    0.000000] PV qspinlock hash table entries: 256 (order: 0, 4096 bytes)
[    0.000000] Built 1 zonelists in Node order, mobility grouping on.  Total pages: 257912
[    0.000000] Policy zone: DMA32
[    0.000000] Kernel command line: BOOT_IMAGE=/boot/vmlinuz-4.4.0-138-generic root=LABEL=cloudimg-rootfs ro console=tty1 console=ttyS0
[    0.000000] PID hash table entries: 4096 (order: 3, 32768 bytes)
[    0.000000] Memory: 997708K/1048120K available (8563K kernel code, 1314K rwdata, 4004K rodata, 1528K init, 1316K bss, 50412K reserved, 0K cma-reserved)
[    0.000000] SLUB: HWalign=64, Order=0-3, MinObjects=0, CPUs=2, Nodes=1
[    0.000000] Kernel/User page tables isolation: enabled
[    0.000000] Hierarchical RCU implementation.
[    0.000000] 	Build-time adjustment of leaf fanout to 64.
[    0.000000] 	RCU restricting CPUs from NR_CPUS=512 to nr_cpu_ids=2.
[    0.000000] RCU: Adjusting geometry for rcu_fanout_leaf=64, nr_cpu_ids=2
[    0.000000] NR_IRQS:33024 nr_irqs:440 16
[    0.000000] Console: colour VGA+ 80x25
[    0.000000] console [tty1] enabled
[    0.000000] console [ttyS0] enabled
[    0.000000] tsc: Detected 2327.410 MHz processor
[    1.235210] Calibrating delay loop (skipped) preset value.. 4654.82 BogoMIPS (lpj=9309640)
[    1.241384] pid_max: default: 32768 minimum: 301
[    1.243659] ACPI: Core revision 20150930
[    1.247669] ACPI: 2 ACPI AML tables successfully acquired and loaded
[    1.261467] Security Framework initialized
[    1.263789] Yama: becoming mindful.
[    1.265835] AppArmor: AppArmor initialized
[    1.269762] Dentry cache hash table entries: 131072 (order: 8, 1048576 bytes)
[    1.273418] Inode-cache hash table entries: 65536 (order: 7, 524288 bytes)
[    1.282449] Mount-cache hash table entries: 2048 (order: 2, 16384 bytes)
[    1.289027] Mountpoint-cache hash table entries: 2048 (order: 2, 16384 bytes)
[    1.293954] Initializing cgroup subsys io
[    1.299650] Initializing cgroup subsys memory
[    1.305769] Initializing cgroup subsys devices
[    1.308080] Initializing cgroup subsys freezer
[    1.310299] Initializing cgroup subsys net_cls
[    1.312527] Initializing cgroup subsys perf_event
[    1.314929] Initializing cgroup subsys net_prio
[    1.322835] Initializing cgroup subsys hugetlb
[    1.325038] Initializing cgroup subsys pids
[    1.327409] mce: CPU supports 0 MCE banks
[    1.329590] Last level iTLB entries: 4KB 128, 2MB 4, 4MB 4
[    1.332129] Last level dTLB entries: 4KB 256, 2MB 0, 4MB 32, 1GB 0
[    1.340900] Spectre V2 : Mitigation: Full generic retpoline
[    1.343524] Spectre V2 : Spectre v2 mitigation: Speculation control IBPB not-supported IBRS not-supported
[    1.347455] Spectre V2 : Spectre v2 / SpectreRSB mitigation: Filling RSB on context switch
[    1.358507] Speculative Store Bypass: Vulnerable
[    1.367393] Freeing SMP alternatives memory: 32K
[    1.393682] ftrace: allocating 32278 entries in 127 pages
[    1.507372] smpboot: APIC(0) Converting physical 0 to logical package 0
[    1.533916] smpboot: Max logical packages: 1
[    1.544783] x2apic enabled
[    1.548684] Switched APIC routing to physical x2apic.
[    1.556248] ..TIMER: vector=0x30 apic1=0 pin1=2 apic2=-1 pin2=-1
[    1.680077] APIC calibration not consistent with PM-Timer: 103ms instead of 100ms
[    1.695465] APIC delta adjusted to PM-Timer: 6028901 (6253936)
[    1.699897] smpboot: CPU0: Intel(R) Core(TM)2 Duo CPU     E6550  @ 2.33GHz (family: 0x6, model: 0xf, stepping: 0xb)
[    1.719978] Performance Events: unsupported p6 CPU model 15 no PMU driver, software events only.
[    1.730669] KVM setup paravirtual spinlock
[    1.735478] x86: Booting SMP configuration:
[    1.754710] .... node  #0, CPUs:      #1
[    1.775503] kvm-clock: cpu 1, msr 0:3ffe3041, secondary cpu clock
[    1.778290] mce: CPU supports 0 MCE banks
[    1.782115] x86: Booted up 1 node, 2 CPUs
[    1.790935] smpboot: Total of 2 processors activated (9309.64 BogoMIPS)
[    1.796464] devtmpfs: initialized
[    1.806720] evm: security.selinux
[    1.811420] evm: security.SMACK64
[    1.814399] evm: security.SMACK64EXEC
[    1.822374] evm: security.SMACK64TRANSMUTE
[    1.824489] evm: security.SMACK64MMAP
[    1.826478] evm: security.ima
[    1.834827] evm: security.capability
[    1.841066] clocksource: jiffies: mask: 0xffffffff max_cycles: 0xffffffff, max_idle_ns: 7645041785100000 ns
[    1.847368] futex hash table entries: 512 (order: 3, 32768 bytes)
[    1.857704] pinctrl core: initialized pinctrl subsystem
[    1.869085] RTC time: 23:21:58, date: 10/29/18
[    1.871931] NET: Registered protocol family 16
[    1.884755] cpuidle: using governor ladder
[    1.901197] cpuidle: using governor menu
[    1.910913] PCCT header not found.
[    1.939078] ACPI: bus type PCI registered
[    1.941382] acpiphp: ACPI Hot Plug PCI Controller Driver version: 0.5
[    1.961413] PCI: Using configuration type 1 for base access
[    1.978425] ACPI: Added _OSI(Module Device)
[    1.996441] ACPI: Added _OSI(Processor Device)
[    1.998647] ACPI: Added _OSI(3.0 _SCP Extensions)
[    2.007872] ACPI: Added _OSI(Processor Aggregator Device)
[    2.012955] ACPI: Executed 1 blocks of module-level executable AML code
[    2.036572] ACPI: Interpreter enabled
[    2.040389] ACPI: (supports S0 S5)
[    2.059489] ACPI: Using IOAPIC for interrupt routing
[    2.069681] PCI: Using host bridge windows from ACPI; if necessary, use "pci=nocrs" and report a bug
[    2.093734] ACPI: PCI Root Bridge [PCI0] (domain 0000 [bus 00-ff])
[    2.096982] acpi PNP0A03:00: _OSC: OS supports [ASPM ClockPM Segments MSI]
[    2.110870] acpi PNP0A03:00: _OSC failed (AE_NOT_FOUND); disabling ASPM
[    2.115327] acpi PNP0A03:00: fail to add MMCONFIG information, can't access extended PCI configuration space under this bridge.
[    2.130976] PCI host bridge to bus 0000:00
[    2.145603] pci_bus 0000:00: root bus resource [io  0x0000-0x0cf7 window]
[    2.185190] pci_bus 0000:00: root bus resource [io  0x0d00-0xffff window]
[    2.190130] pci_bus 0000:00: root bus resource [mem 0x000a0000-0x000bffff window]
[    2.196147] pci_bus 0000:00: root bus resource [mem 0x40000000-0xffdfffff window]
[    2.208687] pci_bus 0000:00: root bus resource [bus 00-ff]
[    2.220705] pci 0000:00:01.1: legacy IDE quirk: reg 0x10: [io  0x01f0-0x01f7]
[    2.225290] pci 0000:00:01.1: legacy IDE quirk: reg 0x14: [io  0x03f6]
[    2.230088] pci 0000:00:01.1: legacy IDE quirk: reg 0x18: [io  0x0170-0x0177]
[    2.249887] pci 0000:00:01.1: legacy IDE quirk: reg 0x1c: [io  0x0376]
[    2.315551] pci 0000:00:07.0: quirk: [io  0x4000-0x403f] claimed by PIIX4 ACPI
[    2.345697] pci 0000:00:07.0: quirk: [io  0x4100-0x410f] claimed by PIIX4 SMB
[    2.389447] ACPI: PCI Interrupt Link [LNKA] (IRQs 5 9 10 *11)
[    2.449929] ACPI: PCI Interrupt Link [LNKB] (IRQs 5 9 10 *11)
[    2.468793] ACPI: PCI Interrupt Link [LNKC] (IRQs 5 9 *10 11)
[    2.477691] ACPI: PCI Interrupt Link [LNKD] (IRQs 5 *9 10 11)
[    2.503570] ACPI: Enabled 2 GPEs in block 00 to 07
[    2.509696] vgaarb: setting as boot device: PCI:0000:00:02.0
[    2.514001] vgaarb: device added: PCI:0000:00:02.0,decodes=io+mem,owns=io+mem,locks=none
[    2.533931] vgaarb: loaded
[    2.576599] vgaarb: bridge control possible 0000:00:02.0
[    2.580405] SCSI subsystem initialized
[    2.586210] ACPI: bus type USB registered
[    2.591773] usbcore: registered new interface driver usbfs
[    2.599193] usbcore: registered new interface driver hub
[    2.608678] usbcore: registered new device driver usb
[    2.617745] PCI: Using ACPI for IRQ routing
[    2.628621] NetLabel: Initializing
[    2.631450] NetLabel:  domain hash size = 128
[    2.635289] NetLabel:  protocols = UNLABELED CIPSOv4
[    2.644787] NetLabel:  unlabeled traffic allowed by default
[    2.651010] amd_nb: Cannot enumerate AMD northbridges
[    2.742697] clocksource: Switched to clocksource kvm-clock
[    2.783316] AppArmor: AppArmor Filesystem Enabled
[    2.787108] pnp: PnP ACPI init
[    2.791130] pnp: PnP ACPI: found 3 devices
[    2.811421] clocksource: acpi_pm: mask: 0xffffff max_cycles: 0xffffff, max_idle_ns: 2085701024 ns
[    2.824032] NET: Registered protocol family 2
[    2.844315] TCP established hash table entries: 8192 (order: 4, 65536 bytes)
[    2.854206] TCP bind hash table entries: 8192 (order: 5, 131072 bytes)
[    2.874025] TCP: Hash tables configured (established 8192 bind 8192)
[    2.881625] UDP hash table entries: 512 (order: 2, 16384 bytes)
[    2.886897] UDP-Lite hash table entries: 512 (order: 2, 16384 bytes)
[    2.893497] NET: Registered protocol family 1
[    2.897653] pci 0000:00:00.0: Limiting direct PCI/PCI transfers
[    2.903201] pci 0000:00:01.0: Activating ISA DMA hang workarounds
[    2.909140] Unpacking initramfs...
[    3.392588] Freeing initrd memory: 14796K
[    3.396167] platform rtc_cmos: registered platform RTC device (no PNP device found)
[    3.403119] Scanning for low memory corruption every 60 seconds
[    3.407792] audit: initializing netlink subsys (disabled)
[    3.411453] audit: type=2000 audit(1540855327.700:1): initialized
[    3.416269] Initialise system trusted keyring
[    3.420035] HugeTLB registered 2 MB page size, pre-allocated 0 pages
[    3.426863] zbud: loaded
[    3.429570] VFS: Disk quotas dquot_6.6.0
[    3.432654] VFS: Dquot-cache hash table entries: 512 (order 0, 4096 bytes)
[    3.437461] squashfs: version 4.0 (2009/01/31) Phillip Lougher
[    3.442188] fuse init (API version 7.23)
[    3.445359] Key type big_key registered
[    3.448351] Allocating IMA MOK and blacklist keyrings.
[    3.461153] Key type asymmetric registered
[    3.464222] Asymmetric key parser 'x509' registered
[    3.467851] Block layer SCSI generic (bsg) driver version 0.4 loaded (major 249)
[    3.473252] io scheduler noop registered
[    3.476114] io scheduler deadline registered (default)
[    3.479718] io scheduler cfq registered
[    3.483691] pci_hotplug: PCI Hot Plug PCI Core version: 0.5
[    3.488428] pciehp: PCI Express Hot Plug Controller Driver version: 0.4
[    3.493079] ACPI: AC Adapter [AC] (on-line)
[    3.496291] input: Power Button as /devices/LNXSYSTM:00/LNXPWRBN:00/input/input0
[    3.502131] ACPI: Power Button [PWRF]
[    3.504931] input: Sleep Button as /devices/LNXSYSTM:00/LNXSLPBN:00/input/input1
[    3.510204] ACPI: Sleep Button [SLPF]
[    3.513284] GHES: HEST is not enabled!
[    3.516490] Serial: 8250/16550 driver, 32 ports, IRQ sharing enabled
[    3.555051] 00:02: ttyS0 at I/O 0x3f8 (irq = 4, base_baud = 115200) is a 16550A
[    3.562895] Linux agpgart interface v0.103
[    3.570056] loop: module loaded
[    3.575075] scsi host0: ata_piix
[    3.577910] scsi host1: ata_piix
[    3.580411] ata1: PATA max UDMA/33 cmd 0x1f0 ctl 0x3f6 bmdma 0xd000 irq 14
[    3.584975] ata2: PATA max UDMA/33 cmd 0x170 ctl 0x376 bmdma 0xd008 irq 15
[    3.589522] libphy: Fixed MDIO Bus: probed
[    3.592521] tun: Universal TUN/TAP device driver, 1.6
[    3.595913] tun: (C) 1999-2004 Max Krasnyansky <maxk@qualcomm.com>
[    3.600057] PPP generic driver version 2.4.2
[    3.603245] ehci_hcd: USB 2.0 'Enhanced' Host Controller (EHCI) Driver
[    3.607423] ehci-pci: EHCI PCI platform driver
[    3.610501] ehci-platform: EHCI generic platform driver
[    3.614062] ohci_hcd: USB 1.1 'Open' Host Controller (OHCI) Driver
[    3.618507] ohci-pci: OHCI PCI platform driver
[    3.621695] ohci-platform: OHCI generic platform driver
[    3.625271] uhci_hcd: USB Universal Host Controller Interface driver
[    3.629503] i8042: PNP: PS/2 Controller [PNP0303:PS2K,PNP0f03:PS2M] at 0x60,0x64 irq 1,12
[    3.636516] serio: i8042 KBD port at 0x60,0x64 irq 1
[    3.639909] serio: i8042 AUX port at 0x60,0x64 irq 12
[    3.643592] mousedev: PS/2 mouse device common for all mice
[    3.648406] rtc_cmos rtc_cmos: rtc core: registered rtc_cmos as rtc0
[    3.652809] input: AT Translated Set 2 keyboard as /devices/platform/i8042/serio0/input/input2
[    3.665255] rtc_cmos rtc_cmos: alarms up to one day, 114 bytes nvram
[    3.670005] i2c /dev entries driver
[    3.672741] device-mapper: uevent: version 1.0.3
[    3.676470] device-mapper: ioctl: 4.34.0-ioctl (2015-10-28) initialised: dm-devel@redhat.com
[    3.683157] ledtrig-cpu: registered to indicate activity on CPUs
[    3.688257] NET: Registered protocol family 10
[    3.692078] NET: Registered protocol family 17
[    3.695303] Key type dns_resolver registered
[    3.698543] registered taskstats version 1
[    3.729065] Loading compiled-in X.509 certificates
[    3.739603] Loaded X.509 cert 'Build time autogenerated kernel key: 9a104bc44b81e9426fe5c715e47d021d02d69eba'
[    3.797952] zswap: loaded using pool lzo/zbud
[    3.832409] Key type trusted registered
[    3.883944] Key type encrypted registered
[    3.893927] AppArmor: AppArmor sha1 policy hashing enabled
[    3.908882] ima: No TPM chip found, activating TPM-bypass!
[    3.915686] ima: Allocated hash algorithm: sha1
[    3.919909] evm: HMAC attrs: 0x1
[    3.922387]   Magic number: 6:469:404
[    3.925050] rtc_cmos rtc_cmos: setting system clock to 2018-10-29 23:22:00 UTC (1540855320)
[    3.930773] BIOS EDD facility v0.16 2004-Jun-25, 0 devices found
[    3.935965] EDD information not available.
[    3.948621] Freeing unused kernel memory: 1528K
[    3.989769] Write protecting the kernel read-only data: 14336k
[    4.031010] Freeing unused kernel memory: 1664K
[    4.035271] Freeing unused kernel memory: 92K
Loading, please wait...
starting version[    4.394185] tsc: Refined TSC clocksource calibration: 2321.662 MHz
 229
[    4.410628] random: udevadm: uninitialized urandom read (16 bytes read, 3 bits of entropy available)
[    4.410881] random: udevadm: uninitialized urandom read (16 bytes read, 3 bits of entropy available)
[    4.437618] clocksource: tsc: mask: 0xffffffffffffffff max_cycles: 0x21772447340, max_idle_ns: 440795204596 ns
[    4.450301] random: systemd-udevd: uninitialized urandom read (16 bytes read, 3 bits of entropy available)
[    4.458241] random: systemd-udevd: uninitialized urandom read (16 bytes read, 3 bits of entropy available)
[    4.495441] random: systemd-udevd: uninitialized urandom read (16 bytes read, 3 bits of entropy available)
[    4.507263] random: systemd-udevd: uninitialized urandom read (16 bytes read, 3 bits of entropy available)
[    4.521034] random: systemd-udevd: uninitialized urandom read (16 bytes read, 3 bits of entropy available)
[    4.528496] random: systemd-udevd: uninitialized urandom read (16 bytes read, 3 bits of entropy available)
[    4.535789] random: systemd-udevd: uninitialized urandom read (16 bytes read, 3 bits of entropy available)
[    4.536478] random: udevadm: uninitialized urandom read (16 bytes read, 3 bits of entropy available)
[    5.146596] e1000: Intel(R) PRO/1000 Network Driver - version 7.3.21-k8-NAPI
[    5.206134] e1000: Copyright (c) 1999-2006 Intel Corporation.
[    5.248674] Fusion MPT base driver 3.04.20
[    5.251798] Copyright (c) 1999-2008 LSI Corporation
[    5.267077] Fusion MPT SPI Host driver 3.04.20
[    5.477551] input: ImExPS/2 Generic Explorer Mouse as /devices/platform/i8042/serio1/input/input4
[    6.264319] e1000 0000:00:03.0 eth0: (PCI:33MHz:32-bit) 02:9f:4a:0a:1b:63
[    6.268940] e1000 0000:00:03.0 eth0: Intel(R) PRO/1000 Network Connection
[    6.284429] mptbase: ioc0: Initiating bringup
[    6.289165] e1000 0000:00:03.0 enp0s3: renamed from eth0
[    7.418664] ioc0: LSI53C1030 A0: Capabilities={Initiator}
[    7.584647] scsi host2: ioc0: LSI53C1030 A0, FwRev=00000000h, Ports=1, MaxQ=256, IRQ=20
[    7.707035] scsi 2:0:0:0: Direct-Access     VBOX     HARDDISK         1.0  PQ: 0 ANSI: 5
[    7.749026] scsi target2:0:0: Beginning Domain Validation
[    7.760210] scsi target2:0:0: Domain Validation skipping write tests
[    7.796631] scsi target2:0:0: Ending Domain Validation
[    7.805850] scsi target2:0:0: asynchronous
[    7.810970] scsi 2:0:1:0: Direct-Access     VBOX     HARDDISK         1.0  PQ: 0 ANSI: 5
[    7.841754] scsi target2:0:1: Beginning Domain Validation
[    7.858453] scsi target2:0:1: Domain Validation skipping write tests
[    7.870450] scsi target2:0:1: Ending Domain Validation
[    7.880950] scsi target2:0:1: asynchronous
[    7.897842] sd 2:0:0:0: [sda] 20971520 512-byte logical blocks: (10.7 GB/10.0 GiB)
[    7.907846] sd 2:0:0:0: Attached scsi generic sg0 type 0
[    7.925065] sd 2:0:0:0: [sda] Write Protect is off
[    7.925508] sd 2:0:1:0: [sdb] 20480 512-byte logical blocks: (10.5 MB/10.0 MiB)
[    7.927275] sd 2:0:1:0: [sdb] Write Protect is off
[    7.928655] sd 2:0:1:0: [sdb] Incomplete mode parameter data
[    7.928657] sd 2:0:1:0: [sdb] Assuming drive cache: write through
[    7.934025] sd 2:0:1:0: Attached scsi generic sg1 type 0
[    7.976079] sd 2:0:1:0: [sdb] Attached SCSI disk
[    7.996346] sd 2:0:0:0: [sda] Incomplete mode parameter data
[    8.078631] sd 2:0:0:0: [sda] Assuming drive cache: write through
[    8.094686]  sda: sda1
[    8.237933] sd 2:0:0:0: [sda] Attached SCSI disk
Begin: Loading essential drivers ... [   11.616945] md: linear personality registered for level -1
[   11.680423] md: multipath personality registered for level -4
[   11.732639] md: raid0 personality registered for level 0
[   11.801981] md: raid1 personality registered for level 1
[   11.913789] raid6: sse2x1   gen()  3436 MB/s
[   11.982300] raid6: sse2x1   xor()  3610 MB/s
[   12.050331] raid6: sse2x2   gen()  4431 MB/s
[   12.117839] raid6: sse2x2   xor()  4197 MB/s
[   12.185844] raid6: sse2x4   gen()  6313 MB/s
[   12.253844] raid6: sse2x4   xor()  4912 MB/s
[   12.256963] raid6: using algorithm sse2x4 gen() 6313 MB/s
[   12.260597] raid6: .... xor() 4912 MB/s, rmw enabled
[   12.264399] raid6: using ssse3x2 recovery algorithm
[   12.275382] xor: measuring software checksum speed
[   12.329865]    prefetch64-sse:  8718.000 MB/sec
[   12.377853]    generic_sse:  7795.000 MB/sec
[   12.386024] xor: using function: prefetch64-sse (8718.000 MB/sec)
[   12.399681] async_tx: api initialized (async)
[   12.463410] md: raid6 personality registered for level 6
[   12.509790] md: raid5 personality registered for level 5
[   12.513267] md: raid4 personality registered for level 4
[   12.641226] md: raid10 personality registered for level 10
done.
Begin: Running /scripts/init-premount ... done.
Begin: Mounting root file system ... Begin: Running /scripts/local-top ... done.
Begin: Running /scripts/local-premount ... [   13.029011] Btrfs loaded
Scanning for Btrfs filesystems
done.
Warning: fsck not present, so skipping root file system
[   13.523637] EXT4-fs (sda1): mounted filesystem with ordered data mode. Opts: (null)
done.
Begin: Running /scripts/local-bottom ... done.
Begin: Running /scripts/init-bottom ... done.
[   14.569467] random: nonblocking pool is initialized
[   15.227513] systemd[1]: systemd 229 running in system mode. (+PAM +AUDIT +SELINUX +IMA +APPARMOR +SMACK +SYSVINIT +UTMP +LIBCRYPTSETUP +GCRYPT +GNUTLS +ACL +XZ -LZ4 +SECCOMP +BLKID +ELFUTILS +KMOD -IDN)
[   15.249304] systemd[1]: Detected virtualization oracle.
[   15.261383] systemd[1]: Detected architecture x86-64.

Welcome to [1mUbuntu 16.04.5 LTS[0m!

[   15.339701] systemd[1]: Set hostname to <ubuntu>.
[   15.376730] systemd[1]: Initializing machine ID from random generator.
[   15.387628] systemd[1]: Installed transient /etc/machine-id file.
[   17.025371] systemd[1]: Listening on Journal Socket.
[[0;32m  OK  [0m] Listening on Journal Socket.
[   17.054355] systemd[1]: Started Trigger resolvconf update for networkd DNS.
[[0;32m  OK  [0m] Started Trigger resolvconf update for networkd DNS.
[   17.060796] systemd[1]: Listening on Journal Audit Socket.
[[0;32m  OK  [0m] Listening on Journal Audit Socket.
[   17.067165] systemd[1]: Set up automount Arbitrary Executable File Formats File System Automount Point.
[[0;32m  OK  [0m] Set up automount Arbitrary Executab...ats File System Automount Point.
[   17.087213] systemd[1]: Listening on Journal Socket (/dev/log).
[[0;32m  OK  [0m] Listening on Journal Socket (/dev/log).
[   17.108711] systemd[1]: Created slice System Slice.
[[0;32m  OK  [0m] Created slice System Slice.
[   17.171512] systemd[1]: Starting Set console keymap...
         Starting Set console keymap...
[   17.195485] systemd[1]: Starting Nameserver information manager...
         Starting Nameserver information manager...
[   17.269894] systemd[1]: Created slice system-serial\x2dgetty.slice.
[[0;32m  OK  [0m] Created slice system-serial\x2dgetty.slice.
[   17.320413] systemd[1]: Starting Uncomplicated firewall...
         Starting Uncomplicated firewall...
[   17.582685] systemd[1]: Listening on udev Kernel Socket.
[[0;32m  OK  [0m] Listening on udev Kernel Socket.
[   17.665009] systemd[1]: Starting Remount Root and Kernel File Systems...
         Starting Remount Root and Kernel File Systems...
[   17.705785] systemd[1]: Listening on Device-mapper event daemon FIFOs.
[[0;32m  OK  [0m] Listening on [   17.735725] EXT4-fs (sda1): re-mounted. Opts: (null)
Device-mapper event daemon FIFOs.
[   17.795707] systemd[1]: Starting Create list of required static device nodes for the current kernel...
         Starting Create list of required st... nodes for the current kernel...
[   17.830417] systemd[1]: Created slice User and Session Slice.
[[0;32m  OK  [0m] Created slice User and Session Slice.
[   17.882493] systemd[1]: Reached target Slices.
[[0;32m  OK  [0m] Reached target Slices.
[   17.926554] systemd[1]: Mounting Huge Pages File System...
         Mounting Huge Pages File System...
[   17.986031] systemd[1]: Listening on LVM2 poll daemon socket.
[[0;32m  OK  [0m] Listening on LVM2 poll daemon socket.
[   18.002535] systemd[1]: Reached target User and Group Name Lookups.
[[0;32m  OK  [0m] Reached target User and Group Name Lookups.
[   18.040463] systemd[1]: Reached target Swap.
[[0;32m  OK  [0m] Reached target Swap.
[   18.095636] systemd[1]: Starting Load Kernel Modules...
         Starting Load Kernel Modules...
[   18.110950] systemd[1]: Listening on /dev/initctl Compatibility Named Pipe.
[[0;32m  OK  [0m] Listening on /dev/initctl Compatibility Named Pipe.
[   18.192766] Loading iSCSI transport class v2.0-870.
[   18.228410] systemd[1]: Mounting Debug File System...
         Mounting Debug File System...
[   18.291082] systemd[1]: Listening on LVM2 metadata daemon socket.
[   18.291141] iscsi: registered transport (tcp)
[[0;32m  OK  [0m] Listening on LVM2 metadata daemon socket.
[   18.332065] systemd[1]: Starting Monitoring of LVM2 mirrors, snapshots etc. using dmeventd or progress polling...
         Starting Monitoring of LVM2 mirrors... dmeventd or progress polling...
[   18.421552] systemd[1]: Mounting POSIX Message Queue File System...
         Mounting POSIX Message Queue File System...
[   18.457329] systemd[1]: Reached target Encrypted Volumes.
[[0;32m  OK  [0m] Reached target Encrypted Volumes.
[   18.513047] systemd[1]: Started Forward Password Requests to Wall Directory Watch.
[[0;32m  OK  [0m] Started Forward Password Requests to Wall Directory Watch.
[   18.587668] systemd[1]: Listening on udev Control Socket.
[[0;32m  OK  [0m] Listening on udev Control Socket.
[   18.602710] systemd[1]: Reached target System Time Synchronized.
[[0;32m  OK  [0m] Reached target System Time Synchronized.
[   18.619779] systemd[1]: Listening on Syslog Socket.
[[0;32m  OK  [0m] Listening on Syslog Socket.
[   18.630785] iscsi: registered transport (iser)
[   18.668319] systemd[1]: Starting Journal Service...
         Starting Journal Service...
[   18.753743] systemd[1]: Mounted Huge Pages File System.
[[0;32m  OK  [0m] Mounted Huge Pages File System.
[   18.770189] systemd[1]: Mounted POSIX Message Queue File System.
[[0;32m  OK  [0m] Mounted POSIX Message Queue File System.
[   18.784203] systemd[1]: Mounted Debug File System.
[[0;32m  OK  [0m] Mounted Debug File System.
[   18.854233] systemd[1]: Started Set console keymap.
[[0;32m  OK  [0m] Started Set console keymap.
[   18.904444] systemd[1]: Started Uncomplicated firewall.
[[0;32m  OK  [0m] Started Uncomplicated firewall.
[   18.955927] systemd[1]: Started Remount Root and Kernel File Systems.
[[0;32m  OK  [0m] Started Remount Root and Kernel File Systems.
[   18.993740] systemd[1]: Started Create list of required static device nodes for the current kernel.
[[0;32m  OK  [0m] Started Create list of required sta...ce nodes for the current kernel.
[   19.076957] systemd[1]: Started Load Kernel Modules.
[[0;32m  OK  [0m] Started Load Kernel Modules.
[   19.128205] systemd[1]: Started Nameserver information manager.
[[0;32m  OK  [0m] Started Nameserver information manager.
[   19.208855] systemd[1]: Started Journal Service.
[[0;32m  OK  [0m] Started Journal Service.
[[0;32m  OK  [0m] Started LVM2 metadata daemon.
         Starting Apply Kernel Variables...
         Mounting FUSE Control File System...
         Starting Create Static Device Nodes in /dev...
         Starting udev Coldplug all Devices...
         Starting Flush Journal to Persistent Storage...
         Starting Load/Save Random Seed...
[[0;32m  OK  [0m] Mounted FUSE Control File System.
[[0;32m  OK  [0m] Started Monitoring of LVM2 mirrors,...ng dmeventd or progress polling.
[[0;32m  OK  [0m] Started Apply Kernel Variables.
[[0;32m  OK  [0m] Started Create Static Device Nodes in /dev.
[[0;32m  OK  [0m] Started Load/Save Random Seed.
[[0;32m  OK  [0m] Started Flush Journal to Persistent Storage.
         Starting udev Kernel Device Manager...
[[0;32m  OK  [0m] Started udev Coldplug all Devices.
[[0;32m  OK  [0m] Started udev Kernel Device Manager.
[[0;32m  OK  [0m] Reached target Local File Systems (Pre).
[[0;32m  OK  [0m] Reached target Local File Systems.
         Starting Tell Plymouth To Write Out Runtime Data...
         Starting Initial cloud-init job (pre-networking)...
         Starting LSB: AppArmor initialization...
         Starting Set console font and keymap...
         Starting Commit a transient machine-id on disk...
         Starting Create Volatile Files and Directories...
[[0;32m  OK  [0m] Started Dispatch Password Requests to Console Directory Watch.
[[0;32m  OK  [0m] Started Tell Plymouth To Write Out Runtime Data.
[[0;32m  OK  [0m] Started Commit a transient machine-id on disk.
[[0;32m  OK  [0m] Started Create Volatile Files and Directories.
[[0;32m  OK  [0m] Found device /dev/ttyS0.
         Starting Update UTMP about System Boot/Shutdown...
[[0;32m  OK  [0m] Started Update UTMP about System Boot/Shutdown.
[[0;32m  OK  [0m] Listening on Load/Save RF Kill Switch Status /dev/rfkill Watch.
[[0;32m  OK  [0m] Started LSB: AppArmor initialization.
[[0;32m  OK  [0m] Started Set console font and keymap.
[[0;32m  OK  [0m] Created slice system-getty.slice.
[   29.845364] cloud-init[469]: Cloud-init v. 18.3-9-g2e62cb8a-0ubuntu1~16.04.2 running 'init-local' at Mon, 29 Oct 2018 23:22:26 +0000. Up 27.72 seconds.
[[0;32m  OK  [0m] Started Initial cloud-init job (pre-networking).
[[0;32m  OK  [0m] Reached target Network (Pre).
         Starting Raise network interfaces...
[[0;32m  OK  [0m] Started Raise network interfaces.
         Starting Initial cloud-init job (metadata service crawler)...
[[0;32m  OK  [0m] Reached target Network.
[   39.951056] cloud-init[917]: Cloud-init v. 18.3-9-g2e62cb8a-0ubuntu1~16.04.2 running 'init' at Mon, 29 Oct 2018 23:22:33 +0000. Up 34.70 seconds.
[   40.136231] cloud-init[917]: ci-info: ++++++++++++++++++++++++++++++++++++++Net device info++++++++++++++++++++++++++++++++++++++
[   40.146961] cloud-init[917]: ci-info: +--------+------+----------------------------+---------------+--------+-------------------+
[   40.154480] cloud-init[917]: ci-info: | Device |  Up  |          Address           |      Mask     | Scope  |     Hw-Address    |
[   40.162091] cloud-init[917]: ci-info: +--------+------+----------------------------+---------------+--------+-------------------+
[   40.169775] cloud-init[917]: ci-info: | enp0s3 | True |         10.0.2.15          | 255.255.255.0 | global | 02:9f:4a:0a:1b:63 |
[   40.177314] cloud-init[917]: ci-info: | enp0s3 | True | fe80::9f:4aff:fe0a:1b63/64 |       .       |  link  | 02:9f:4a:0a:1b:63 |
[   40.185468] cloud-init[917]: ci-info: |   lo   | True |         127.0.0.1          |   255.0.0.0   |  host  |         .         |
[   40.193226] cloud-init[917]: ci-info: |   lo   | True |          ::1/128           |       .       |  host  |         .         |
[   40.201209] cloud-init[917]: ci-info: +--------+------+----------------------------+---------------+--------+-------------------+
[   40.282607] cloud-init[917]: ci-info: +++++++++++++++++++++++++++Route IPv4 info++++++++++++++++++++++++++++
[   40.289419] cloud-init[917]: ci-info: +-------+-------------+----------+---------------+-----------+-------+
[   40.299153] cloud-init[917]: ci-info: | Route | Destination | Gateway  |    Genmask    | Interface | Flags |
[   40.305556] cloud-init[917]: ci-info: +-------+-------------+----------+---------------+-----------+-------+
[   40.319560] cloud-init[917]: ci-info: |   0   |   0.0.0.0   | 10.0.2.2 |    0.0.0.0    |   enp0s3  |   UG  |
[   40.356084] cloud-init[917]: ci-info: |   1   |   10.0.2.0  | 0.0.0.0  | 255.255.255.0 |   enp0s3  |   U   |
[[0;32m  OK  [0m] Started Initial cloud-init job (metadata service crawler).
[[0;32m  OK  [0m] Reached target Network is Online.
[   40.388962] cloud-init[917]: ci-info: +-------+-------------+----------+---------------+-----------+-------+
[   40.555119] cloud-init[917]: ci-info: +++++++++++++++++++Route IPv6 info+++++++++++++++++++
[   40.572467]          cloud-initStarting iSCSI initiator daemon (iscsid)...[917]: 
ci-info: +-------+-------------+---------+-----------+-------+
[   40.636314] cloud-init[917]: ci-info: | Route | Destination | Gateway | Interface | Flags |
[[   40.649200] cloud-init[917]: ci-info: +-------+-------------+---------+-----------+-------+[0;32m  OK  [0m] Reached target System Initialization.
[[0;32m  OK  [0m] Listening on ACPID Listen Socket.
[[0;32m  OK  [0m] Started Daily Cleanup of Temporary Directories.

[   40.697227] cloud-init[917]: ci-info: |   0   |  fe80::/64  |    ::   |   enp0s3  |   U   |
[   40.702891] cloud-init[917]: ci-info: |   4   |   ff00::/8  |    ::   |   enp0s3  |   U   |
[[0;32m  OK  [0m] Started ACPI Events Check.
[[0;32m  OK  [0m] Reached target Paths.
[   40.718982] cloud-init[917]: ci-info: +-------+-------------+---------+-----------+-------+
[   40.734801] cloud-init[917]: Generating public/private rsa key pair.
[   40.735199] cloud-init[917]: Your identification has been saved in /etc/ssh/ssh_host_rsa_key.
[   40.735626] cloud-init[917]: Your public key has been saved in /etc/ssh/ssh_host_rsa_key.pub.
[   40.735996] cloud-init[917]: The key fingerprint is:
[   40.736380] cloud-init[917]: SHA256:q2lAL/3M/fBBXPZl7vZBLsV2gQnPsGnqfwxZ/L/3TU4 root@ubuntu-xenial
[   40.737069] cloud-init[917]: The key's randomart image is:
[   40.737469] cloud-init[917]: +---[RSA 2048]----+
[   40.737829] cloud-init[917]: |           o     |
[   40.738228] cloud-init[917]: |            B o  |
[   40.738602] cloud-init[917]: |           +.=o.o|
[   40.739033] cloud-init[917]: |    .     o. =.+o|
[   40.739402] cloud-init[917]: |   . o  S.  = .=+|
[   40.739906] cloud-init[917]: |    o o .. +  =o.|
[   40.740262] cloud-init[917]: |     o +.o. +. oE|
[   40.740632] cloud-init[917]: |      .o+ oo +.=*|
[[0;32m  OK  [0m] Started Daily apt download activities.
[[0;32m  OK  [0m] Started Daily apt upgrade and clean activities.
[   40.741178] cloud-init[917]: |     .o    o+  .O|
[   40.950398] cloud-init[917]: +----[SHA256]-----+
[   40.992255] cloud-init[917]: Generating public/private dsa key pair.
         Starting LXD - unix socket.
[   40.994052] cloud-init[917]: Your identification has been saved in /etc/ssh/ssh_host_dsa_key.
[   41.096821] cloud-init[917]: Your public key has been saved in /etc/ssh/ssh_host_dsa_key.pub.
[[0;32m  OK  [0m] Listening on D-Bus System Message Bus Socket.
[   41.097401] cloud-init[917]: The key fingerprint is:
[   41.140260] cloud-init[917]: SHA256:/LegQmDMAVrunXcWw2BUndLaKvPzt4X9aimDhxl4PFI root@ubuntu-xenial
         Starting Socket activation for snappy daemon.
[[0;32m  OK  [0m] Listening on UUID daemon activation socket.
[   41.140911] cloud-init[917]: The key's randomart image is:
[   41.217633] cloud-init[917]: +---[DSA 1024]----+
[   41.218611] cloud-init[917]: |  o. .+..o .     |
[[0;32m  OK  [0m] Reached target Timers.
[   41.220742] cloud-init[917]: | +  .. o. +      |
[[0;32m  OK  [0m] Reached target Cloud-config availability.
[   41.249885] cloud-init[917]: |. .o .  ++       |
[   41.405088] cloud-init[917]: | . .=. ..oE      |
[   41.405648] cloud-init[917]: |  ..o.. S=       |
[[0;32m  OK  [0m] Listening on LXD - unix socket.
[[0;32m  OK  [0m] Listening on Socket activation for snappy daemon.
[[0;32m  OK  [0m] Started iSCSI initiator daemon (iscsid).
[   41.406487] cloud-init[917]: |     .+o+.=  o   |
[   41.660998] cloud-init[917]: |     . + oo*o o. |
         Starting Login to default iSCSI targets...
[[0;32m  OK  [0m] Reached target Sockets.
[[0;32m  OK  [0m] Reached target Basic System.
[   41.662050] cloud-init[917]: |      . o.+o=oo. |
[   41.764811] cloud-init[917]: |       ..o.oo=...|
[   41.765812] cloud-init[917]: +----[SHA256]-----+
[[0;32m  OK  [0m] Started ACPI event daemon.
[   41.767022] cloud-init[917]: Generating public/private ecdsa key pair.
[   41.873149] cloud-init[917]: Your identification has been saved in /etc/ssh/ssh_host_ecdsa_key.
[   41.892807] cloud-init[917]: Your public key has been saved in /etc/ssh/ssh_host_ecdsa_key.pub.
[   41.893321] cloud-init[917]: The key fingerprint is:
[   41.893733] cloud-init[917]: SHA256:7GzxIbyYtMl7DrP4Q+zJ7Rdk8Z3VAbvZXZ8FUepT5Mw root@ubuntu-xenial
[   41.894258] cloud-init[917]: The key's randomart image is:
         Starting Pollinate to seed the pseudo random number generator...
[   41.894720] cloud-init[917]: +---[ECDSA 256]---+
[   42.004964] cloud-init[917]: |             .++=|
         Starting LXD - container startup/shutdown...
[   42.005663] cloud-init[917]: |          .   .Bo|
[   42.122079] cloud-init[917]: |           o o.oE|
[   42.123078]          cloud-initStarting LSB: MD monitoring daemon...[917]: 
|       o  o ..*.*|
[   42.123474] cloud-init[917]: |     .. So.  oooo|
         Starting Snappy daemon...
[   42.428490] cloud-init[917]: |     ooB =..   . |
[   42.605147] cloud-init[917]: |     +Oo= ..     |
         Starting LSB: Record successful boot for GRUB...
[   42.605892] cloud-init[917]: |     .=*o .      |
[[0;32m  OK  [0m] Started D-Bus System Message Bus.
[   42.859865] cloud-init[917]: |    ..+=o.       |
[   42.957143] cloud-init[917]: +----[SHA256]-----+
[   42.969101] cloud-init[917]: Generating public/private ed25519 key pair.
[   42.973536] cloud-init[917]: Your identification has been saved in /etc/ssh/ssh_host_ed25519_key.
[   43.035963] cloud-init[917]: Your public key has been saved in /etc/ssh/ssh_host_ed25519_key.pub.
[   43.043404] cloud-init[917]: The key fingerprint is:
[   43.076851] cloud-init[917]: SHA256:d+jevU4eur8F2EbQA2iL8hjC/cipMIccPaHhlvxs1Uc root@ubuntu-xenial
[   43.084308] cloud-init[917]: The key's randomart image is:
[   43.088915] cloud-init[917]: +--[ED25519 256]--+
[   43.190064] cloud-init[917]: |           .oo   |
[   43.229215] cloud-init[917]: |  . .     E  .o  |
[   43.233037] cloud-init[917]: | o * o . + .  .. |
[   43.241988] cloud-init[917]: |  B = = o o. +   |
[   43.252362] cloud-init[917]: | o = = OS.o o +  |
[   43.260379] cloud-init[917]: |  = = = oo . . . |
[   43.300248] cloud-init[917]: |   = .    .   o .|
[   43.317188] cloud-init[917]: |    .    . . = o |
[   43.323050] cloud-init[917]: |          . ++Bo |
[   43.333100] cloud-init[917]: +----[SHA256]-----+
[[0;32m  OK  [0m] Started FUSE filesystem for LXC.
[[0;32m  OK  [0m] Started Regular background program processing daemon.
         Starting Virtualbox guest utils...
         Starting Login Service...
         Starting /etc/rc.local Compatibility...
[[0;32m  OK  [0m] Started Unattended Upgrades Shutdown.
         Starting System Logging Service...
         Starting Accounts Service...
[[0;32m  OK  [0m] Started Deferred execution scheduler.
[[0;32m  OK  [0m] Started /etc/rc.local Compatibility.
[[0;32m  OK  [0m] Started Login Service.
[[0;32m  OK  [0m] Started LSB: Record successful boot for GRUB.
[[0;32m  OK  [0m] Started Login to default iSCSI targets.
[[0;32m  OK  [0m] Reached target Remote File Systems (Pre).
[[0;32m  OK  [0m] Reached target Remote File Systems.
         Starting LSB: daemon to balance interrupts for SMP systems...
         Starting LSB: automatic crash report generation...
         Starting Permit User Sessions...
         Starting LSB: Set the CPU Frequency Scaling governor to "ondemand"...
[[0;32m  OK  [0m] Started System Logging Service.
[[0;32m  OK  [0m] Started LSB: MD monitoring daemon.
[[0;32m  OK  [0m] Started Permit User Sessions.
         Starting Terminate Plymouth Boot Screen...
         Starting Hold until boot process finishes up...
[[0;32m  OK  [0m] Started LXD - container startup/shutdown.
[[0;32m  OK  [0m] Started LSB: automatic crash report generation.
[[0;32m  OK  [0m] Started Virtualbox guest utils.
[[0;32m  OK  [0m] Started LSB: daemon to balance interrupts for SMP systems.
[[0;32m  OK  [0m] Started LSB: Set the CPU Frequency Scaling governor to "ondemand".
[[0;32m  OK  [0m] Started Terminate Plymouth Boot Screen.
[[0;32m  OK  [0m] Started Hold until boot process finishes up.
         Starting Authenticate and Authorize Users to Run Privileged Tasks...
         Starting Set console scheme...
[[0;32m  OK  [0m] Started Getty on tty1.
[[0;32m  OK  [0m] Started Serial Getty on ttyS0.
[[0;32m  OK  [0m] Reached target Login Prompts.
[[0;32m  OK  [0m] Started Snappy daemon.
[[0;32m  OK  [0m] Started Pollinate to seed the pseudo random number generator.
[[0;32m  OK  [0m] Started Set console scheme.
[[0;32m  OK  [0m] Started Authenticate and Authorize Users to Run Privileged Tasks.
[[0;32m  OK  [0m] Started Accounts Service.
         Starting OpenBSD Secure Shell server...
         Starting Wait until snapd is fully seeded...
[[0;32m  OK  [0m] Started OpenBSD Secure Shell server.
[[0;32m  OK  [0m] Created slice User Slice of vagrant.
         Starting User Manager for UID 1000...
[[0;32m  OK  [0m] Started Session 1 of user vagrant.
[[0;32m  OK  [0m] Started User Manager for UID 1000.

Ubuntu 16.04.5 LTS ubuntu-xenial ttyS0

ubuntu-xenial login: [   57.337301] cloud-init[1340]: Generating locales (this might take a while)...
[   62.780326] cloud-init[1340]:   en_US.UTF-8... done
[   62.782455] cloud-init[1340]: Generation complete.
[   66.932363] cloud-init[1340]: Cloud-init v. 18.3-9-g2e62cb8a-0ubuntu1~16.04.2 running 'modules:config' at Mon, 29 Oct 2018 23:22:54 +0000. Up 55.96 seconds.
ci-info: no authorized ssh keys fingerprints found for user ubuntu.
<14>Oct 29 23:23:08 ec2: 
<14>Oct 29 23:23:08 ec2: #############################################################
<14>Oct 29 23:23:08 ec2: -----BEGIN SSH HOST KEY FINGERPRINTS-----
<14>Oct 29 23:23:08 ec2: 1024 SHA256:/LegQmDMAVrunXcWw2BUndLaKvPzt4X9aimDhxl4PFI root@ubuntu-xenial (DSA)
<14>Oct 29 23:23:08 ec2: 256 SHA256:7GzxIbyYtMl7DrP4Q+zJ7Rdk8Z3VAbvZXZ8FUepT5Mw root@ubuntu-xenial (ECDSA)
<14>Oct 29 23:23:08 ec2: 256 SHA256:d+jevU4eur8F2EbQA2iL8hjC/cipMIccPaHhlvxs1Uc root@ubuntu-xenial (ED25519)
<14>Oct 29 23:23:08 ec2: 2048 SHA256:q2lAL/3M/fBBXPZl7vZBLsV2gQnPsGnqfwxZ/L/3TU4 root@ubuntu-xenial (RSA)
<14>Oct 29 23:23:08 ec2: -----END SSH HOST KEY FINGERPRINTS-----
<14>Oct 29 23:23:08 ec2: #############################################################
-----BEGIN SSH HOST KEY KEYS-----
ecdsa-sha2-nistp256 AAAAE2VjZHNhLXNoYTItbmlzdHAyNTYAAAAIbmlzdHAyNTYAAABBBBxtMVedWVlN+34zhKo3h3GB7Q7KxOUBvTbaEVBtGUKjkduhzdcsJ/cxuhEWTKAO62wtBsOmLgPhlUE92hwTqSk= root@ubuntu-xenial
ssh-ed25519 AAAAC3NzaC1lZDI1NTE5AAAAIIEUE9WRk9DyrtZtSeHg5aMcUNDndRl+MqpCqxROHppU root@ubuntu-xenial
ssh-rsa AAAAB3NzaC1yc2EAAAADAQABAAABAQDKqJqU8dTEcuICvW/56TMYE1zRGpn64a9HRXj33r5TRiblaoBW8bydKKwdVW212F9zZQOT8PIj9ym++TsLGJ9CAZI/CiPhjsCeIrD6kFr2Oh0mjoFvSjK3H7+RbK3ow61jmgpG4oW/z9Wq8PMDC/K4NJq3IoHPwdU19VaTKdhha59RQOd2YDGDNFBxKQfo8EqatinxeXJ5/zdZjyrwM3ERgBv+ja3GLKpQZNQ2eNbmuF9feZ8TGm3I+zzJiDd+ae25AHyF2SCDAtwvzA7X47XR2gjMQvpcJGG5KxbRuR8hJSNzk+obn+p2CNCx0eKSk7HjHaE4KznZH0t4Hq14rccf root@ubuntu-xenial
-----END SSH HOST KEY KEYS-----
[   70.366780] cloud-init[1519]: Cloud-init v. 18.3-9-g2e62cb8a-0ubuntu1~16.04.2 running 'modules:final' at Mon, 29 Oct 2018 23:23:07 +0000. Up 68.90 seconds.
[   70.368552] cloud-init[1519]: ci-info: no authorized ssh keys fingerprints found for user ubuntu.
[   70.371621] cloud-init[1519]: Cloud-init v. 18.3-9-g2e62cb8a-0ubuntu1~16.04.2 finished at Mon, 29 Oct 2018 23:23:08 +0000. Datasource DataSourceNoCloud [seed=/dev/sdb][dsmode=net].  Up 70.31 seconds
